Aug  7 09:48:46.247 [INFO] Reading tests/venom.yml
Aug  7 09:48:46.291 [INFO] Parsing testsuite tests/venom.yml : map[__Len__:1 __Type__:Map url:http://tigerhall-service-e2e:8081/api venom.datetime:2023-08-07T09:48:46Z venom.testsuite:APIIntegrationTest venom.testsuite.filename:venom.yml venom.testsuite.filepath:tests/venom.yml venom.testsuite.name:APIIntegrationTest venom.testsuite.shortName:venom venom.testsuite.workdir:/workdir/tests venom.timestamp:1691401726]
Aug  7 09:48:46.386 [DEBU] Testsuite (tests/venom.yml) variables: map[__Len__:1 __Type__:Map url:http://tigerhall-service-e2e:8081/api venom.datetime:2023-08-07T09:48:46Z venom.testsuite:APIIntegrationTest venom.testsuite.filename:venom.yml venom.testsuite.filepath:tests/venom.yml venom.testsuite.name:APIIntegrationTest venom.testsuite.shortName:venom venom.testsuite.workdir:/workdir/tests venom.timestamp:1691401726]
Aug  7 09:48:46.388 [DEBU] nb testsuites: 1
Aug  7 09:48:46.390 [INFO] [APIIntegrationTest] Starting testsuite
Aug  7 09:48:46.392 [INFO] [APIIntegrationTest] [Login] Starting testcase
Aug  7 09:48:46.393 [DEBU] [APIIntegrationTest] [Login] Running testcase with variable url: http://tigerhall-service-e2e:8081/api
Aug  7 09:48:46.395 [DEBU] [APIIntegrationTest] [Login] Running testcase with variable venom.testsuite.filename: venom.yml
Aug  7 09:48:46.396 [DEBU] [APIIntegrationTest] [Login] Running testcase with variable venom.testsuite.filepath: tests/venom.yml
Aug  7 09:48:46.397 [DEBU] [APIIntegrationTest] [Login] Running testcase with variable venom.testsuite.name: APIIntegrationTest
Aug  7 09:48:46.398 [DEBU] [APIIntegrationTest] [Login] Running testcase with variable __Len__: 11
Aug  7 09:48:46.400 [DEBU] [APIIntegrationTest] [Login] Running testcase with variable venom.libdir: /workdir/tests/lib
Aug  7 09:48:46.403 [DEBU] [APIIntegrationTest] [Login] Running testcase with variable venom.testsuite: APIIntegrationTest
Aug  7 09:48:46.404 [DEBU] [APIIntegrationTest] [Login] Running testcase with variable venom.outputdir: /workdir/results
Aug  7 09:48:46.405 [DEBU] [APIIntegrationTest] [Login] Running testcase with variable venom.testsuite.workdir: /workdir/tests
Aug  7 09:48:46.406 [DEBU] [APIIntegrationTest] [Login] Running testcase with variable venom.testsuite.shortName: venom
Aug  7 09:48:46.407 [DEBU] [APIIntegrationTest] [Login] Running testcase with variable venom.executable: /usr/local/venom
Aug  7 09:48:46.407 [DEBU] [APIIntegrationTest] [Login] Running testcase with variable venom.datetime: 2023-08-07T09:48:46Z
Aug  7 09:48:46.408 [DEBU] [APIIntegrationTest] [Login] Running testcase with variable __Type__: Map
Aug  7 09:48:46.409 [DEBU] [APIIntegrationTest] [Login] Running testcase with variable venom.timestamp: 1691401726
Aug  7 09:48:46.410 [DEBU] [APIIntegrationTest] [Login] Running testcase with variable venom.testcase: Login
Aug  7 09:48:46.412 [INFO] [APIIntegrationTest] [Login] Step #0 content is: {"assertions":["result.statuscode ShouldEqual 200","result.bodyjson.success ShouldEqual true","result.bodyjson.payload ShouldContainKey token"],"body":"{\"email\": \"superuser@tigerhall.com\", \"password\": \"password\"}\n","method":"POST","type":"http","url":"http://tigerhall-service-e2e:8081/api/login","vars":{"token":{"from":"result.bodyjson.payload.token"}}}
Aug  7 09:48:46.469 [DEBU] [APIIntegrationTest] [Login] [http] result of runTestStepExecutor: {TimeSeconds:0.041165167 StatusCode:200 Request:{Method:POST URL:http://tigerhall-service-e2e:8081/api/login Header:map[] Body:{"email": "superuser@tigerhall.com", "password": "password"}
 Form:map[] PostForm:map[]} Body:{"success":true,"payload":{"token":"eyJhbGciOiJIUzI1NiIsInR5cCI6IkpXVCJ9.eyJ1c2VySUQiOjEsInVzZXJuYW1lIjoic3VwZXJ1c2VyIiwiZW1haWwiOiJzdXBlcnVzZXJAdGlnZXJoYWxsLmNvbSIsImV4cCI6MTY5MTQ4ODEyNn0.XnhCsrRI8DY3aAvSf27qzMQioME4x63nUnuktpK0Oy8"}} BodyJSON:map[payload:map[token:eyJhbGciOiJIUzI1NiIsInR5cCI6IkpXVCJ9.eyJ1c2VySUQiOjEsInVzZXJuYW1lIjoic3VwZXJ1c2VyIiwiZW1haWwiOiJzdXBlcnVzZXJAdGlnZXJoYWxsLmNvbSIsImV4cCI6MTY5MTQ4ODEyNn0.XnhCsrRI8DY3aAvSf27qzMQioME4x63nUnuktpK0Oy8] success:true] Headers:map[Content-Length:235 Content-Type:application/json; charset=utf-8 Date:Mon, 07 Aug 2023 09:48:46 GMT] Err:}
Aug  7 09:48:46.480 [DEBU] [APIIntegrationTest] [Login] Processing token assignment
Aug  7 09:48:46.481 [INFO] [APIIntegrationTest] [Login] Assign 'token' value 'eyJhbGciOiJIUzI1NiIsInR5cCI6IkpXVCJ9.eyJ1c2VySUQiOjEsInVzZXJuYW1lIjoic3VwZXJ1c2VyIiwiZW1haWwiOiJzdXBlcnVzZXJAdGlnZXJoYWxsLmNvbSIsImV4cCI6MTY5MTQ4ODEyNn0.XnhCsrRI8DY3aAvSf27qzMQioME4x63nUnuktpK0Oy8'
Aug  7 09:48:46.483 [INFO] [APIIntegrationTest] [Login] Ending testcase
Aug  7 09:48:46.484 [INFO] [APIIntegrationTest] [CreateUser-http-testcase] Starting testcase
Aug  7 09:48:46.485 [DEBU] [APIIntegrationTest] [CreateUser-http-testcase] Running testcase with variable venom.testcase: CreateUser-http-testcase
Aug  7 09:48:46.486 [DEBU] [APIIntegrationTest] [CreateUser-http-testcase] Running testcase with variable Login.result.bodyjson: map[payload:map[token:eyJhbGciOiJIUzI1NiIsInR5cCI6IkpXVCJ9.eyJ1c2VySUQiOjEsInVzZXJuYW1lIjoic3VwZXJ1c2VyIiwiZW1haWwiOiJzdXBlcnVzZXJAdGlnZXJoYWxsLmNvbSIsImV4cCI6MTY5MTQ4ODEyNn0.XnhCsrRI8DY3aAvSf27qzMQioME4x63nUnuktpK0Oy8] success:true]
Aug  7 09:48:46.487 [DEBU] [APIIntegrationTest] [CreateUser-http-testcase] Running testcase with variable Login.result.bodyjson.payload: map[token:eyJhbGciOiJIUzI1NiIsInR5cCI6IkpXVCJ9.eyJ1c2VySUQiOjEsInVzZXJuYW1lIjoic3VwZXJ1c2VyIiwiZW1haWwiOiJzdXBlcnVzZXJAdGlnZXJoYWxsLmNvbSIsImV4cCI6MTY5MTQ4ODEyNn0.XnhCsrRI8DY3aAvSf27qzMQioME4x63nUnuktpK0Oy8]
Aug  7 09:48:46.488 [DEBU] [APIIntegrationTest] [CreateUser-http-testcase] Running testcase with variable Login.__type__: Result
Aug  7 09:48:46.489 [DEBU] [APIIntegrationTest] [CreateUser-http-testcase] Running testcase with variable Login.result.headers.date: Mon, 07 Aug 2023 09:48:46 GMT
Aug  7 09:48:46.491 [DEBU] [APIIntegrationTest] [CreateUser-http-testcase] Running testcase with variable url: http://tigerhall-service-e2e:8081/api
Aug  7 09:48:46.492 [DEBU] [APIIntegrationTest] [CreateUser-http-testcase] Running testcase with variable Login.result.request.postform.__type__: Map
Aug  7 09:48:46.493 [DEBU] [APIIntegrationTest] [CreateUser-http-testcase] Running testcase with variable Login.result.request.url: http://tigerhall-service-e2e:8081/api/login
Aug  7 09:48:46.494 [DEBU] [APIIntegrationTest] [CreateUser-http-testcase] Running testcase with variable Login.result.request.__type__: HTTPRequest
Aug  7 09:48:46.495 [DEBU] [APIIntegrationTest] [CreateUser-http-testcase] Running testcase with variable Login.result.headers.__type__: Map
Aug  7 09:48:46.496 [DEBU] [APIIntegrationTest] [CreateUser-http-testcase] Running testcase with variable Login.result.request.header.__type__: Map
Aug  7 09:48:46.497 [DEBU] [APIIntegrationTest] [CreateUser-http-testcase] Running testcase with variable venom.outputdir: /workdir/results
Aug  7 09:48:46.499 [DEBU] [APIIntegrationTest] [CreateUser-http-testcase] Running testcase with variable venom.testsuite: APIIntegrationTest
Aug  7 09:48:46.500 [DEBU] [APIIntegrationTest] [CreateUser-http-testcase] Running testcase with variable Login.result.timeseconds: 0.041165167
Aug  7 09:48:46.501 [DEBU] [APIIntegrationTest] [CreateUser-http-testcase] Running testcase with variable Login.result.request.form: map[]
Aug  7 09:48:46.502 [DEBU] [APIIntegrationTest] [CreateUser-http-testcase] Running testcase with variable Login.result.body: {"success":true,"payload":{"token":"eyJhbGciOiJIUzI1NiIsInR5cCI6IkpXVCJ9.eyJ1c2VySUQiOjEsInVzZXJuYW1lIjoic3VwZXJ1c2VyIiwiZW1haWwiOiJzdXBlcnVzZXJAdGlnZXJoYWxsLmNvbSIsImV4cCI6MTY5MTQ4ODEyNn0.XnhCsrRI8DY3aAvSf27qzMQioME4x63nUnuktpK0Oy8"}}
Aug  7 09:48:46.503 [DEBU] [APIIntegrationTest] [CreateUser-http-testcase] Running testcase with variable Login.result.request.header: map[]
Aug  7 09:48:46.504 [DEBU] [APIIntegrationTest] [CreateUser-http-testcase] Running testcase with variable Login.result.request.method: POST
Aug  7 09:48:46.505 [DEBU] [APIIntegrationTest] [CreateUser-http-testcase] Running testcase with variable Login.result.bodyjson.__type__: Map
Aug  7 09:48:46.506 [DEBU] [APIIntegrationTest] [CreateUser-http-testcase] Running testcase with variable Login.token: eyJhbGciOiJIUzI1NiIsInR5cCI6IkpXVCJ9.eyJ1c2VySUQiOjEsInVzZXJuYW1lIjoic3VwZXJ1c2VyIiwiZW1haWwiOiJzdXBlcnVzZXJAdGlnZXJoYWxsLmNvbSIsImV4cCI6MTY5MTQ4ODEyNn0.XnhCsrRI8DY3aAvSf27qzMQioME4x63nUnuktpK0Oy8
Aug  7 09:48:46.508 [DEBU] [APIIntegrationTest] [CreateUser-http-testcase] Running testcase with variable Login.result.__len__: 7
Aug  7 09:48:46.509 [DEBU] [APIIntegrationTest] [CreateUser-http-testcase] Running testcase with variable Login.result.request.postform.__len__: 0
Aug  7 09:48:46.510 [DEBU] [APIIntegrationTest] [CreateUser-http-testcase] Running testcase with variable venom.libdir: /workdir/tests/lib
Aug  7 09:48:46.511 [DEBU] [APIIntegrationTest] [CreateUser-http-testcase] Running testcase with variable venom.testsuite.shortName: venom
Aug  7 09:48:46.512 [DEBU] [APIIntegrationTest] [CreateUser-http-testcase] Running testcase with variable venom.executable: /usr/local/venom
Aug  7 09:48:46.513 [DEBU] [APIIntegrationTest] [CreateUser-http-testcase] Running testcase with variable Login.result.request.postform: map[]
Aug  7 09:48:46.514 [DEBU] [APIIntegrationTest] [CreateUser-http-testcase] Running testcase with variable Login.result.request.form.__type__: Map
Aug  7 09:48:46.515 [DEBU] [APIIntegrationTest] [CreateUser-http-testcase] Running testcase with variable Login.result.request.form.__len__: 0
Aug  7 09:48:46.515 [DEBU] [APIIntegrationTest] [CreateUser-http-testcase] Running testcase with variable Login.result.headers.__len__: 3
Aug  7 09:48:46.516 [DEBU] [APIIntegrationTest] [CreateUser-http-testcase] Running testcase with variable __Type__: Map
Aug  7 09:48:46.518 [DEBU] [APIIntegrationTest] [CreateUser-http-testcase] Running testcase with variable venom.testsuite.workdir: /workdir/tests
Aug  7 09:48:46.519 [DEBU] [APIIntegrationTest] [CreateUser-http-testcase] Running testcase with variable Login.result.headers.content-type: application/json; charset=utf-8
Aug  7 09:48:46.519 [DEBU] [APIIntegrationTest] [CreateUser-http-testcase] Running testcase with variable Login.result.headers.content-length: 235
Aug  7 09:48:46.521 [DEBU] [APIIntegrationTest] [CreateUser-http-testcase] Running testcase with variable Login.result.request.body: {"email": "superuser@tigerhall.com", "password": "password"}

Aug  7 09:48:46.522 [DEBU] [APIIntegrationTest] [CreateUser-http-testcase] Running testcase with variable Login.result.err: 
Aug  7 09:48:46.523 [DEBU] [APIIntegrationTest] [CreateUser-http-testcase] Running testcase with variable Login.result.bodyjson.success: true
Aug  7 09:48:46.524 [DEBU] [APIIntegrationTest] [CreateUser-http-testcase] Running testcase with variable Login.result.request: {Method:POST URL:http://tigerhall-service-e2e:8081/api/login Header:map[] Body:{"email": "superuser@tigerhall.com", "password": "password"}
 Form:map[] PostForm:map[]}
Aug  7 09:48:46.525 [DEBU] [APIIntegrationTest] [CreateUser-http-testcase] Running testcase with variable venom.datetime: 2023-08-07T09:48:46Z
Aug  7 09:48:46.526 [DEBU] [APIIntegrationTest] [CreateUser-http-testcase] Running testcase with variable venom.testsuite.filepath: tests/venom.yml
Aug  7 09:48:46.527 [DEBU] [APIIntegrationTest] [CreateUser-http-testcase] Running testcase with variable __Len__: 11
Aug  7 09:48:46.527 [DEBU] [APIIntegrationTest] [CreateUser-http-testcase] Running testcase with variable Login.result.statuscode: 200
Aug  7 09:48:46.528 [DEBU] [APIIntegrationTest] [CreateUser-http-testcase] Running testcase with variable Login.result.request.header.__len__: 0
Aug  7 09:48:46.529 [DEBU] [APIIntegrationTest] [CreateUser-http-testcase] Running testcase with variable Login.result.bodyjson.payload.token: eyJhbGciOiJIUzI1NiIsInR5cCI6IkpXVCJ9.eyJ1c2VySUQiOjEsInVzZXJuYW1lIjoic3VwZXJ1c2VyIiwiZW1haWwiOiJzdXBlcnVzZXJAdGlnZXJoYWxsLmNvbSIsImV4cCI6MTY5MTQ4ODEyNn0.XnhCsrRI8DY3aAvSf27qzMQioME4x63nUnuktpK0Oy8
Aug  7 09:48:46.530 [DEBU] [APIIntegrationTest] [CreateUser-http-testcase] Running testcase with variable Login.result.headers: map[Content-Length:235 Content-Type:application/json; charset=utf-8 Date:Mon, 07 Aug 2023 09:48:46 GMT]
Aug  7 09:48:46.532 [DEBU] [APIIntegrationTest] [CreateUser-http-testcase] Running testcase with variable venom.testsuite.filename: venom.yml
Aug  7 09:48:46.533 [DEBU] [APIIntegrationTest] [CreateUser-http-testcase] Running testcase with variable venom.timestamp: 1691401726
Aug  7 09:48:46.533 [DEBU] [APIIntegrationTest] [CreateUser-http-testcase] Running testcase with variable venom.testsuite.name: APIIntegrationTest
Aug  7 09:48:46.534 [DEBU] [APIIntegrationTest] [CreateUser-http-testcase] Running testcase with variable Login.result.bodyjson.__len__: 2
Aug  7 09:48:46.535 [DEBU] [APIIntegrationTest] [CreateUser-http-testcase] Running testcase with variable Login.result.request.__len__: 6
Aug  7 09:48:46.536 [DEBU] [APIIntegrationTest] [CreateUser-http-testcase] Running testcase with variable Login.result.bodyjson.payload.__len__: 1
Aug  7 09:48:46.536 [DEBU] [APIIntegrationTest] [CreateUser-http-testcase] Running testcase with variable Login.result.bodyjson.payload.__type__: Map
Aug  7 09:48:46.541 [INFO] [APIIntegrationTest] [CreateUser-http-testcase] Step #0 content is: {"assertions":["result.statuscode ShouldEqual 200","result.bodyjson ShouldContainKey success"],"body":"{\"username\": \"User2\", \"email\": \"user2@tigerhall.com\", \"password\": \"password\"}\n","headers":{"Authorization":"eyJhbGciOiJIUzI1NiIsInR5cCI6IkpXVCJ9.eyJ1c2VySUQiOjEsInVzZXJuYW1lIjoic3VwZXJ1c2VyIiwiZW1haWwiOiJzdXBlcnVzZXJAdGlnZXJoYWxsLmNvbSIsImV4cCI6MTY5MTQ4ODEyNn0.XnhCsrRI8DY3aAvSf27qzMQioME4x63nUnuktpK0Oy8"},"method":"POST","type":"http","url":"http://tigerhall-service-e2e:8081/api/user"}
Aug  7 09:48:46.554 [DEBU] [APIIntegrationTest] [CreateUser-http-testcase] [http] result of runTestStepExecutor: {TimeSeconds:0.007710625 StatusCode:200 Request:{Method:POST URL:http://tigerhall-service-e2e:8081/api/user Header:map[Authorization:[eyJhbGciOiJIUzI1NiIsInR5cCI6IkpXVCJ9.eyJ1c2VySUQiOjEsInVzZXJuYW1lIjoic3VwZXJ1c2VyIiwiZW1haWwiOiJzdXBlcnVzZXJAdGlnZXJoYWxsLmNvbSIsImV4cCI6MTY5MTQ4ODEyNn0.XnhCsrRI8DY3aAvSf27qzMQioME4x63nUnuktpK0Oy8]] Body:{"username": "User2", "email": "user2@tigerhall.com", "password": "password"}
 Form:map[] PostForm:map[]} Body:{"success":true,"payload":{"id":2,"username":"User2","Email":"user2@tigerhall.com"}} BodyJSON:map[payload:map[Email:user2@tigerhall.com id:2 username:User2] success:true] Headers:map[Content-Length:84 Content-Type:application/json; charset=utf-8 Date:Mon, 07 Aug 2023 09:48:46 GMT] Err:}
Aug  7 09:48:46.560 [INFO] [APIIntegrationTest] [CreateUser-http-testcase] Ending testcase
Aug  7 09:48:46.561 [INFO] [APIIntegrationTest] Ending testsuite
Aug  7 09:48:46.563 [DEBU] final status: PASS
